{"/Users/haniabuzeid/Visual_studio_code/Javascript-3/Udemy-yarn/expensify-app/src/actions/auth.js": {"path":"/Users/haniabuzeid/Visual_studio_code/Javascript-3/Udemy-yarn/expensify-app/src/actions/auth.js","statementMap":{"0":{"start":{"line":7,"column":21},"end":{"line":10,"column":2}},"1":{"start":{"line":7,"column":29},"end":{"line":10,"column":1}},"2":{"start":{"line":12,"column":26},"end":{"line":33,"column":1}},"3":{"start":{"line":13,"column":2},"end":{"line":32,"column":4}},"4":{"start":{"line":14,"column":4},"end":{"line":31,"column":9}},"5":{"start":{"line":18,"column":22},"end":{"line":18,"column":51}},"6":{"start":{"line":19,"column":21},"end":{"line":19,"column":32}},"7":{"start":{"line":22,"column":26},"end":{"line":22,"column":36}},"8":{"start":{"line":23,"column":29},"end":{"line":23,"column":42}},"9":{"start":{"line":24,"column":22},"end":{"line":24,"column":33}},"10":{"start":{"line":25,"column":27},"end":{"line":25,"column":43}},"11":{"start":{"line":26,"column":8},"end":{"line":30,"column":9}},"12":{"start":{"line":27,"column":10},"end":{"line":27,"column":80}},"13":{"start":{"line":29,"column":10},"end":{"line":29,"column":55}},"14":{"start":{"line":35,"column":29},"end":{"line":61,"column":1}},"15":{"start":{"line":36,"column":2},"end":{"line":60,"column":4}},"16":{"start":{"line":37,"column":4},"end":{"line":59,"column":9}},"17":{"start":{"line":41,"column":22},"end":{"line":41,"column":51}},"18":{"start":{"line":43,"column":21},"end":{"line":43,"column":32}},"19":{"start":{"line":47,"column":26},"end":{"line":47,"column":36}},"20":{"start":{"line":48,"column":29},"end":{"line":48,"column":42}},"21":{"start":{"line":50,"column":22},"end":{"line":50,"column":33}},"22":{"start":{"line":52,"column":27},"end":{"line":52,"column":43}},"23":{"start":{"line":53,"column":8},"end":{"line":58,"column":9}},"24":{"start":{"line":54,"column":10},"end":{"line":54,"column":80}},"25":{"start":{"line":57,"column":10},"end":{"line":57,"column":55}},"26":{"start":{"line":63,"column":22},"end":{"line":65,"column":2}},"27":{"start":{"line":63,"column":29},"end":{"line":65,"column":1}},"28":{"start":{"line":67,"column":27},"end":{"line":71,"column":1}},"29":{"start":{"line":68,"column":2},"end":{"line":70,"column":4}},"30":{"start":{"line":69,"column":4},"end":{"line":69,"column":37}}},"fnMap":{"0":{"name":"(anonymous_0)","decl":{"start":{"line":7,"column":21},"end":{"line":7,"column":22}},"loc":{"start":{"line":7,"column":29},"end":{"line":10,"column":1}},"line":7},"1":{"name":"(anonymous_1)","decl":{"start":{"line":12,"column":26},"end":{"line":12,"column":27}},"loc":{"start":{"line":12,"column":32},"end":{"line":33,"column":1}},"line":12},"2":{"name":"(anonymous_2)","decl":{"start":{"line":13,"column":9},"end":{"line":13,"column":10}},"loc":{"start":{"line":13,"column":15},"end":{"line":32,"column":3}},"line":13},"3":{"name":"(anonymous_3)","decl":{"start":{"line":17,"column":12},"end":{"line":17,"column":13}},"loc":{"start":{"line":17,"column":22},"end":{"line":20,"column":7}},"line":17},"4":{"name":"(anonymous_4)","decl":{"start":{"line":21,"column":13},"end":{"line":21,"column":14}},"loc":{"start":{"line":21,"column":29},"end":{"line":31,"column":7}},"line":21},"5":{"name":"(anonymous_5)","decl":{"start":{"line":35,"column":29},"end":{"line":35,"column":30}},"loc":{"start":{"line":35,"column":35},"end":{"line":61,"column":1}},"line":35},"6":{"name":"(anonymous_6)","decl":{"start":{"line":36,"column":9},"end":{"line":36,"column":10}},"loc":{"start":{"line":36,"column":15},"end":{"line":60,"column":3}},"line":36},"7":{"name":"(anonymous_7)","decl":{"start":{"line":40,"column":12},"end":{"line":40,"column":13}},"loc":{"start":{"line":40,"column":22},"end":{"line":44,"column":7}},"line":40},"8":{"name":"(anonymous_8)","decl":{"start":{"line":45,"column":13},"end":{"line":45,"column":14}},"loc":{"start":{"line":45,"column":29},"end":{"line":59,"column":7}},"line":45},"9":{"name":"(anonymous_9)","decl":{"start":{"line":63,"column":22},"end":{"line":63,"column":23}},"loc":{"start":{"line":63,"column":29},"end":{"line":65,"column":1}},"line":63},"10":{"name":"(anonymous_10)","decl":{"start":{"line":67,"column":27},"end":{"line":67,"column":28}},"loc":{"start":{"line":67,"column":33},"end":{"line":71,"column":1}},"line":67},"11":{"name":"(anonymous_11)","decl":{"start":{"line":68,"column":9},"end":{"line":68,"column":10}},"loc":{"start":{"line":68,"column":15},"end":{"line":70,"column":3}},"line":68}},"branchMap":{"0":{"loc":{"start":{"line":26,"column":8},"end":{"line":30,"column":9}},"type":"if","locations":[{"start":{"line":26,"column":8},"end":{"line":30,"column":9}},{"start":{"line":26,"column":8},"end":{"line":30,"column":9}}],"line":26},"1":{"loc":{"start":{"line":53,"column":8},"end":{"line":58,"column":9}},"type":"if","locations":[{"start":{"line":53,"column":8},"end":{"line":58,"column":9}},{"start":{"line":53,"column":8},"end":{"line":58,"column":9}}],"line":53}},"s":{"0":3,"1":1,"2":3,"3":0,"4":0,"5":0,"6":0,"7":0,"8":0,"9":0,"10":0,"11":0,"12":0,"13":0,"14":3,"15":0,"16":0,"17":0,"18":0,"19":0,"20":0,"21":0,"22":0,"23":0,"24":0,"25":0,"26":3,"27":1,"28":3,"29":0,"30":0},"f":{"0":1,"1":0,"2":0,"3":0,"4":0,"5":0,"6":0,"7":0,"8":0,"9":1,"10":0,"11":0},"b":{"0":[0,0],"1":[0,0]},"_coverageSchema":"332fd63041d2c1bcb487cc26dd0d5f7d97098a6c","hash":"befa35e65dec528c9b7c1f74fa70992e87ae383b"}
,"/Users/haniabuzeid/Visual_studio_code/Javascript-3/Udemy-yarn/expensify-app/src/actions/expenses.js": {"path":"/Users/haniabuzeid/Visual_studio_code/Javascript-3/Udemy-yarn/expensify-app/src/actions/expenses.js","statementMap":{"0":{"start":{"line":17,"column":26},"end":{"line":20,"column":2}},"1":{"start":{"line":17,"column":38},"end":{"line":20,"column":1}},"2":{"start":{"line":22,"column":31},"end":{"line":45,"column":1}},"3":{"start":{"line":23,"column":2},"end":{"line":44,"column":4}},"4":{"start":{"line":24,"column":16},"end":{"line":24,"column":35}},"5":{"start":{"line":30,"column":8},"end":{"line":30,"column":19}},"6":{"start":{"line":31,"column":20},"end":{"line":31,"column":60}},"7":{"start":{"line":33,"column":4},"end":{"line":43,"column":9}},"8":{"start":{"line":37,"column":8},"end":{"line":42,"column":10}},"9":{"start":{"line":48,"column":29},"end":{"line":51,"column":2}},"10":{"start":{"line":48,"column":47},"end":{"line":51,"column":1}},"11":{"start":{"line":54,"column":34},"end":{"line":64,"column":1}},"12":{"start":{"line":55,"column":2},"end":{"line":63,"column":4}},"13":{"start":{"line":56,"column":16},"end":{"line":56,"column":35}},"14":{"start":{"line":57,"column":4},"end":{"line":62,"column":9}},"15":{"start":{"line":61,"column":8},"end":{"line":61,"column":40}},"16":{"start":{"line":66,"column":27},"end":{"line":70,"column":2}},"17":{"start":{"line":66,"column":45},"end":{"line":70,"column":1}},"18":{"start":{"line":73,"column":32},"end":{"line":83,"column":1}},"19":{"start":{"line":74,"column":2},"end":{"line":82,"column":4}},"20":{"start":{"line":75,"column":16},"end":{"line":75,"column":35}},"21":{"start":{"line":76,"column":4},"end":{"line":81,"column":9}},"22":{"start":{"line":80,"column":8},"end":{"line":80,"column":43}},"23":{"start":{"line":86,"column":27},"end":{"line":89,"column":2}},"24":{"start":{"line":86,"column":40},"end":{"line":89,"column":1}},"25":{"start":{"line":92,"column":32},"end":{"line":110,"column":1}},"26":{"start":{"line":93,"column":2},"end":{"line":109,"column":4}},"27":{"start":{"line":94,"column":16},"end":{"line":94,"column":35}},"28":{"start":{"line":95,"column":4},"end":{"line":108,"column":9}},"29":{"start":{"line":99,"column":25},"end":{"line":99,"column":27}},"30":{"start":{"line":101,"column":8},"end":{"line":106,"column":11}},"31":{"start":{"line":102,"column":10},"end":{"line":105,"column":13}},"32":{"start":{"line":107,"column":8},"end":{"line":107,"column":40}}},"fnMap":{"0":{"name":"(anonymous_0)","decl":{"start":{"line":17,"column":26},"end":{"line":17,"column":27}},"loc":{"start":{"line":17,"column":38},"end":{"line":20,"column":1}},"line":17},"1":{"name":"(anonymous_1)","decl":{"start":{"line":22,"column":31},"end":{"line":22,"column":32}},"loc":{"start":{"line":22,"column":53},"end":{"line":45,"column":1}},"line":22},"2":{"name":"(anonymous_2)","decl":{"start":{"line":23,"column":9},"end":{"line":23,"column":10}},"loc":{"start":{"line":23,"column":33},"end":{"line":44,"column":3}},"line":23},"3":{"name":"(anonymous_3)","decl":{"start":{"line":36,"column":12},"end":{"line":36,"column":13}},"loc":{"start":{"line":36,"column":19},"end":{"line":43,"column":7}},"line":36},"4":{"name":"(anonymous_4)","decl":{"start":{"line":48,"column":29},"end":{"line":48,"column":30}},"loc":{"start":{"line":48,"column":47},"end":{"line":51,"column":1}},"line":48},"5":{"name":"(anonymous_5)","decl":{"start":{"line":54,"column":34},"end":{"line":54,"column":35}},"loc":{"start":{"line":54,"column":51},"end":{"line":64,"column":1}},"line":54},"6":{"name":"(anonymous_6)","decl":{"start":{"line":55,"column":9},"end":{"line":55,"column":10}},"loc":{"start":{"line":55,"column":33},"end":{"line":63,"column":3}},"line":55},"7":{"name":"(anonymous_7)","decl":{"start":{"line":60,"column":12},"end":{"line":60,"column":13}},"loc":{"start":{"line":60,"column":18},"end":{"line":62,"column":7}},"line":60},"8":{"name":"(anonymous_8)","decl":{"start":{"line":66,"column":27},"end":{"line":66,"column":28}},"loc":{"start":{"line":66,"column":45},"end":{"line":70,"column":1}},"line":66},"9":{"name":"(anonymous_9)","decl":{"start":{"line":73,"column":32},"end":{"line":73,"column":33}},"loc":{"start":{"line":73,"column":49},"end":{"line":83,"column":1}},"line":73},"10":{"name":"(anonymous_10)","decl":{"start":{"line":74,"column":9},"end":{"line":74,"column":10}},"loc":{"start":{"line":74,"column":33},"end":{"line":82,"column":3}},"line":74},"11":{"name":"(anonymous_11)","decl":{"start":{"line":79,"column":12},"end":{"line":79,"column":13}},"loc":{"start":{"line":79,"column":18},"end":{"line":81,"column":7}},"line":79},"12":{"name":"(anonymous_12)","decl":{"start":{"line":86,"column":27},"end":{"line":86,"column":28}},"loc":{"start":{"line":86,"column":40},"end":{"line":89,"column":1}},"line":86},"13":{"name":"(anonymous_13)","decl":{"start":{"line":92,"column":32},"end":{"line":92,"column":33}},"loc":{"start":{"line":92,"column":38},"end":{"line":110,"column":1}},"line":92},"14":{"name":"(anonymous_14)","decl":{"start":{"line":93,"column":9},"end":{"line":93,"column":10}},"loc":{"start":{"line":93,"column":33},"end":{"line":109,"column":3}},"line":93},"15":{"name":"(anonymous_15)","decl":{"start":{"line":98,"column":12},"end":{"line":98,"column":13}},"loc":{"start":{"line":98,"column":24},"end":{"line":108,"column":7}},"line":98},"16":{"name":"(anonymous_16)","decl":{"start":{"line":101,"column":25},"end":{"line":101,"column":26}},"loc":{"start":{"line":101,"column":42},"end":{"line":106,"column":9}},"line":101}},"branchMap":{"0":{"loc":{"start":{"line":22,"column":32},"end":{"line":22,"column":48}},"type":"default-arg","locations":[{"start":{"line":22,"column":46},"end":{"line":22,"column":48}}],"line":22},"1":{"loc":{"start":{"line":26,"column":6},"end":{"line":26,"column":22}},"type":"default-arg","locations":[{"start":{"line":26,"column":20},"end":{"line":26,"column":22}}],"line":26},"2":{"loc":{"start":{"line":27,"column":6},"end":{"line":27,"column":15}},"type":"default-arg","locations":[{"start":{"line":27,"column":13},"end":{"line":27,"column":15}}],"line":27},"3":{"loc":{"start":{"line":28,"column":6},"end":{"line":28,"column":16}},"type":"default-arg","locations":[{"start":{"line":28,"column":15},"end":{"line":28,"column":16}}],"line":28},"4":{"loc":{"start":{"line":29,"column":6},"end":{"line":29,"column":19}},"type":"default-arg","locations":[{"start":{"line":29,"column":18},"end":{"line":29,"column":19}}],"line":29},"5":{"loc":{"start":{"line":48,"column":30},"end":{"line":48,"column":41}},"type":"default-arg","locations":[{"start":{"line":48,"column":39},"end":{"line":48,"column":41}}],"line":48},"6":{"loc":{"start":{"line":54,"column":35},"end":{"line":54,"column":46}},"type":"default-arg","locations":[{"start":{"line":54,"column":44},"end":{"line":54,"column":46}}],"line":54}},"s":{"0":4,"1":3,"2":4,"3":2,"4":2,"5":2,"6":2,"7":2,"8":2,"9":4,"10":2,"11":4,"12":1,"13":1,"14":1,"15":1,"16":4,"17":2,"18":4,"19":1,"20":1,"21":1,"22":1,"23":4,"24":2,"25":4,"26":1,"27":1,"28":1,"29":1,"30":1,"31":3,"32":1},"f":{"0":3,"1":2,"2":2,"3":2,"4":2,"5":1,"6":1,"7":1,"8":2,"9":1,"10":1,"11":1,"12":2,"13":1,"14":1,"15":1,"16":3},"b":{"0":[0],"1":[1],"2":[1],"3":[1],"4":[1],"5":[0],"6":[0]},"_coverageSchema":"332fd63041d2c1bcb487cc26dd0d5f7d97098a6c","hash":"48d77dcfc3cca68b5fb11d41a9dd5333f12a8149"}
,"/Users/haniabuzeid/Visual_studio_code/Javascript-3/Udemy-yarn/expensify-app/src/actions/filters.js": {"path":"/Users/haniabuzeid/Visual_studio_code/Javascript-3/Udemy-yarn/expensify-app/src/actions/filters.js","statementMap":{"0":{"start":{"line":2,"column":29},"end":{"line":5,"column":2}},"1":{"start":{"line":2,"column":45},"end":{"line":5,"column":1}},"2":{"start":{"line":7,"column":26},"end":{"line":9,"column":2}},"3":{"start":{"line":7,"column":33},"end":{"line":9,"column":1}},"4":{"start":{"line":11,"column":28},"end":{"line":13,"column":2}},"5":{"start":{"line":11,"column":35},"end":{"line":13,"column":1}},"6":{"start":{"line":15,"column":28},"end":{"line":18,"column":2}},"7":{"start":{"line":15,"column":42},"end":{"line":18,"column":1}},"8":{"start":{"line":21,"column":26},"end":{"line":24,"column":2}},"9":{"start":{"line":21,"column":38},"end":{"line":24,"column":1}}},"fnMap":{"0":{"name":"(anonymous_0)","decl":{"start":{"line":2,"column":29},"end":{"line":2,"column":30}},"loc":{"start":{"line":2,"column":45},"end":{"line":5,"column":1}},"line":2},"1":{"name":"(anonymous_1)","decl":{"start":{"line":7,"column":26},"end":{"line":7,"column":27}},"loc":{"start":{"line":7,"column":33},"end":{"line":9,"column":1}},"line":7},"2":{"name":"(anonymous_2)","decl":{"start":{"line":11,"column":28},"end":{"line":11,"column":29}},"loc":{"start":{"line":11,"column":35},"end":{"line":13,"column":1}},"line":11},"3":{"name":"(anonymous_3)","decl":{"start":{"line":15,"column":28},"end":{"line":15,"column":29}},"loc":{"start":{"line":15,"column":42},"end":{"line":18,"column":1}},"line":15},"4":{"name":"(anonymous_4)","decl":{"start":{"line":21,"column":26},"end":{"line":21,"column":27}},"loc":{"start":{"line":21,"column":38},"end":{"line":24,"column":1}},"line":21}},"branchMap":{"0":{"loc":{"start":{"line":2,"column":30},"end":{"line":2,"column":39}},"type":"default-arg","locations":[{"start":{"line":2,"column":37},"end":{"line":2,"column":39}}],"line":2}},"s":{"0":3,"1":2,"2":3,"3":1,"4":3,"5":1,"6":3,"7":1,"8":3,"9":1},"f":{"0":2,"1":1,"2":1,"3":1,"4":1},"b":{"0":[1]},"_coverageSchema":"332fd63041d2c1bcb487cc26dd0d5f7d97098a6c","hash":"78ca433d6709ce531066b2590e765f2dc9cae308"}
,"/Users/haniabuzeid/Visual_studio_code/Javascript-3/Udemy-yarn/expensify-app/src/components/AddExpensePage.js": {"path":"/Users/haniabuzeid/Visual_studio_code/Javascript-3/Udemy-yarn/expensify-app/src/components/AddExpensePage.js","statementMap":{"0":{"start":{"line":8,"column":8},"end":{"line":8,"column":44}},"1":{"start":{"line":9,"column":8},"end":{"line":9,"column":37}},"2":{"start":{"line":13,"column":8},"end":{"line":24,"column":10}},"3":{"start":{"line":28,"column":27},"end":{"line":30,"column":2}},"4":{"start":{"line":28,"column":40},"end":{"line":30,"column":1}},"5":{"start":{"line":29,"column":32},"end":{"line":29,"column":66}}},"fnMap":{"0":{"name":"(anonymous_0)","decl":{"start":{"line":7,"column":15},"end":{"line":7,"column":16}},"loc":{"start":{"line":7,"column":26},"end":{"line":10,"column":5}},"line":7},"1":{"name":"(anonymous_1)","decl":{"start":{"line":12,"column":4},"end":{"line":12,"column":5}},"loc":{"start":{"line":12,"column":13},"end":{"line":25,"column":5}},"line":12},"2":{"name":"(anonymous_2)","decl":{"start":{"line":28,"column":27},"end":{"line":28,"column":28}},"loc":{"start":{"line":28,"column":40},"end":{"line":30,"column":1}},"line":28},"3":{"name":"(anonymous_3)","decl":{"start":{"line":29,"column":21},"end":{"line":29,"column":22}},"loc":{"start":{"line":29,"column":32},"end":{"line":29,"column":66}},"line":29}},"branchMap":{},"s":{"0":1,"1":1,"2":4,"3":1,"4":0,"5":0},"f":{"0":1,"1":4,"2":0,"3":0},"b":{},"_coverageSchema":"332fd63041d2c1bcb487cc26dd0d5f7d97098a6c","hash":"66ca97a1393e898361faafffbf23de027037c94b"}
,"/Users/haniabuzeid/Visual_studio_code/Javascript-3/Udemy-yarn/expensify-app/src/components/EditExpensePage.js": {"path":"/Users/haniabuzeid/Visual_studio_code/Javascript-3/Udemy-yarn/expensify-app/src/components/EditExpensePage.js","statementMap":{"0":{"start":{"line":8,"column":4},"end":{"line":8,"column":64}},"1":{"start":{"line":9,"column":4},"end":{"line":9,"column":33}},"2":{"start":{"line":12,"column":4},"end":{"line":12,"column":65}},"3":{"start":{"line":13,"column":4},"end":{"line":13,"column":33}},"4":{"start":{"line":16,"column":4},"end":{"line":33,"column":6}},"5":{"start":{"line":37,"column":24},"end":{"line":39,"column":2}},"6":{"start":{"line":37,"column":43},"end":{"line":39,"column":1}},"7":{"start":{"line":38,"column":42},"end":{"line":38,"column":78}},"8":{"start":{"line":41,"column":27},"end":{"line":44,"column":2}},"9":{"start":{"line":41,"column":49},"end":{"line":44,"column":1}},"10":{"start":{"line":42,"column":37},"end":{"line":42,"column":76}},"11":{"start":{"line":43,"column":30},"end":{"line":43,"column":64}}},"fnMap":{"0":{"name":"(anonymous_0)","decl":{"start":{"line":7,"column":13},"end":{"line":7,"column":14}},"loc":{"start":{"line":7,"column":24},"end":{"line":10,"column":3}},"line":7},"1":{"name":"(anonymous_1)","decl":{"start":{"line":11,"column":13},"end":{"line":11,"column":14}},"loc":{"start":{"line":11,"column":19},"end":{"line":14,"column":3}},"line":11},"2":{"name":"(anonymous_2)","decl":{"start":{"line":15,"column":2},"end":{"line":15,"column":3}},"loc":{"start":{"line":15,"column":11},"end":{"line":34,"column":3}},"line":15},"3":{"name":"(anonymous_3)","decl":{"start":{"line":37,"column":24},"end":{"line":37,"column":25}},"loc":{"start":{"line":37,"column":43},"end":{"line":39,"column":1}},"line":37},"4":{"name":"(anonymous_4)","decl":{"start":{"line":38,"column":31},"end":{"line":38,"column":32}},"loc":{"start":{"line":38,"column":42},"end":{"line":38,"column":78}},"line":38},"5":{"name":"(anonymous_5)","decl":{"start":{"line":41,"column":27},"end":{"line":41,"column":28}},"loc":{"start":{"line":41,"column":49},"end":{"line":44,"column":1}},"line":41},"6":{"name":"(anonymous_6)","decl":{"start":{"line":42,"column":20},"end":{"line":42,"column":21}},"loc":{"start":{"line":42,"column":37},"end":{"line":42,"column":76}},"line":42},"7":{"name":"(anonymous_7)","decl":{"start":{"line":43,"column":22},"end":{"line":43,"column":23}},"loc":{"start":{"line":43,"column":30},"end":{"line":43,"column":64}},"line":43}},"branchMap":{},"s":{"0":1,"1":1,"2":1,"3":1,"4":3,"5":1,"6":0,"7":0,"8":1,"9":0,"10":0,"11":0},"f":{"0":1,"1":1,"2":3,"3":0,"4":0,"5":0,"6":0,"7":0},"b":{},"_coverageSchema":"332fd63041d2c1bcb487cc26dd0d5f7d97098a6c","hash":"4fcccc5279de09c3836f06be01925d9a34bef76a"}
,"/Users/haniabuzeid/Visual_studio_code/Javascript-3/Udemy-yarn/expensify-app/src/components/ExpenseDashboardPage.js": {"path":"/Users/haniabuzeid/Visual_studio_code/Javascript-3/Udemy-yarn/expensify-app/src/components/ExpenseDashboardPage.js","statementMap":{"0":{"start":{"line":6,"column":29},"end":{"line":12,"column":1}},"1":{"start":{"line":7,"column":2},"end":{"line":11,"column":8}}},"fnMap":{"0":{"name":"(anonymous_0)","decl":{"start":{"line":6,"column":29},"end":{"line":6,"column":30}},"loc":{"start":{"line":7,"column":2},"end":{"line":11,"column":8}},"line":7}},"branchMap":{},"s":{"0":1,"1":1},"f":{"0":1},"b":{},"_coverageSchema":"332fd63041d2c1bcb487cc26dd0d5f7d97098a6c","hash":"232156fc37ff90ef7552fc3ba413a2843d8ef59d"}
,"/Users/haniabuzeid/Visual_studio_code/Javascript-3/Udemy-yarn/expensify-app/src/components/ExpenseForm.js": {"path":"/Users/haniabuzeid/Visual_studio_code/Javascript-3/Udemy-yarn/expensify-app/src/components/ExpenseForm.js","statementMap":{"0":{"start":{"line":7,"column":12},"end":{"line":7,"column":20}},"1":{"start":{"line":12,"column":4},"end":{"line":12,"column":17}},"2":{"start":{"line":14,"column":4},"end":{"line":21,"column":6}},"3":{"start":{"line":25,"column":24},"end":{"line":25,"column":38}},"4":{"start":{"line":26,"column":4},"end":{"line":28,"column":8}},"5":{"start":{"line":26,"column":25},"end":{"line":28,"column":5}},"6":{"start":{"line":32,"column":17},"end":{"line":32,"column":31}},"7":{"start":{"line":36,"column":4},"end":{"line":38,"column":8}},"8":{"start":{"line":36,"column":25},"end":{"line":38,"column":5}},"9":{"start":{"line":42,"column":19},"end":{"line":42,"column":33}},"10":{"start":{"line":43,"column":4},"end":{"line":45,"column":5}},"11":{"start":{"line":44,"column":6},"end":{"line":44,"column":40}},"12":{"start":{"line":44,"column":27},"end":{"line":44,"column":37}},"13":{"start":{"line":49,"column":4},"end":{"line":53,"column":5}},"14":{"start":{"line":50,"column":6},"end":{"line":52,"column":10}},"15":{"start":{"line":50,"column":27},"end":{"line":52,"column":7}},"16":{"start":{"line":57,"column":4},"end":{"line":59,"column":8}},"17":{"start":{"line":57,"column":25},"end":{"line":59,"column":5}},"18":{"start":{"line":63,"column":4},"end":{"line":63,"column":23}},"19":{"start":{"line":65,"column":4},"end":{"line":83,"column":5}},"20":{"start":{"line":66,"column":6},"end":{"line":68,"column":10}},"21":{"start":{"line":66,"column":27},"end":{"line":68,"column":7}},"22":{"start":{"line":69,"column":11},"end":{"line":83,"column":5}},"23":{"start":{"line":70,"column":6},"end":{"line":72,"column":10}},"24":{"start":{"line":70,"column":27},"end":{"line":72,"column":7}},"25":{"start":{"line":74,"column":6},"end":{"line":76,"column":10}},"26":{"start":{"line":74,"column":27},"end":{"line":76,"column":7}},"27":{"start":{"line":77,"column":6},"end":{"line":82,"column":9}},"28":{"start":{"line":96,"column":4},"end":{"line":136,"column":6}},"29":{"start":{"line":124,"column":32},"end":{"line":124,"column":37}}},"fnMap":{"0":{"name":"(anonymous_0)","decl":{"start":{"line":11,"column":2},"end":{"line":11,"column":3}},"loc":{"start":{"line":11,"column":21},"end":{"line":22,"column":3}},"line":11},"1":{"name":"(anonymous_1)","decl":{"start":{"line":24,"column":24},"end":{"line":24,"column":25}},"loc":{"start":{"line":24,"column":29},"end":{"line":29,"column":3}},"line":24},"2":{"name":"(anonymous_2)","decl":{"start":{"line":26,"column":18},"end":{"line":26,"column":19}},"loc":{"start":{"line":26,"column":25},"end":{"line":28,"column":5}},"line":26},"3":{"name":"(anonymous_3)","decl":{"start":{"line":31,"column":17},"end":{"line":31,"column":18}},"loc":{"start":{"line":31,"column":22},"end":{"line":39,"column":3}},"line":31},"4":{"name":"(anonymous_4)","decl":{"start":{"line":36,"column":18},"end":{"line":36,"column":19}},"loc":{"start":{"line":36,"column":25},"end":{"line":38,"column":5}},"line":36},"5":{"name":"(anonymous_5)","decl":{"start":{"line":41,"column":19},"end":{"line":41,"column":20}},"loc":{"start":{"line":41,"column":24},"end":{"line":46,"column":3}},"line":41},"6":{"name":"(anonymous_6)","decl":{"start":{"line":44,"column":20},"end":{"line":44,"column":21}},"loc":{"start":{"line":44,"column":27},"end":{"line":44,"column":37}},"line":44},"7":{"name":"(anonymous_7)","decl":{"start":{"line":48,"column":17},"end":{"line":48,"column":18}},"loc":{"start":{"line":48,"column":30},"end":{"line":54,"column":3}},"line":48},"8":{"name":"(anonymous_8)","decl":{"start":{"line":50,"column":20},"end":{"line":50,"column":21}},"loc":{"start":{"line":50,"column":27},"end":{"line":52,"column":7}},"line":50},"9":{"name":"(anonymous_9)","decl":{"start":{"line":56,"column":18},"end":{"line":56,"column":19}},"loc":{"start":{"line":56,"column":35},"end":{"line":60,"column":3}},"line":56},"10":{"name":"(anonymous_10)","decl":{"start":{"line":57,"column":18},"end":{"line":57,"column":19}},"loc":{"start":{"line":57,"column":25},"end":{"line":59,"column":5}},"line":57},"11":{"name":"(anonymous_11)","decl":{"start":{"line":62,"column":13},"end":{"line":62,"column":14}},"loc":{"start":{"line":62,"column":18},"end":{"line":93,"column":3}},"line":62},"12":{"name":"(anonymous_12)","decl":{"start":{"line":66,"column":20},"end":{"line":66,"column":21}},"loc":{"start":{"line":66,"column":27},"end":{"line":68,"column":7}},"line":66},"13":{"name":"(anonymous_13)","decl":{"start":{"line":70,"column":20},"end":{"line":70,"column":21}},"loc":{"start":{"line":70,"column":27},"end":{"line":72,"column":7}},"line":70},"14":{"name":"(anonymous_14)","decl":{"start":{"line":74,"column":20},"end":{"line":74,"column":21}},"loc":{"start":{"line":74,"column":27},"end":{"line":76,"column":7}},"line":74},"15":{"name":"(anonymous_15)","decl":{"start":{"line":95,"column":2},"end":{"line":95,"column":3}},"loc":{"start":{"line":95,"column":11},"end":{"line":137,"column":3}},"line":95},"16":{"name":"(anonymous_16)","decl":{"start":{"line":124,"column":26},"end":{"line":124,"column":27}},"loc":{"start":{"line":124,"column":32},"end":{"line":124,"column":37}},"line":124}},"branchMap":{"0":{"loc":{"start":{"line":15,"column":19},"end":{"line":15,"column":65}},"type":"cond-expr","locations":[{"start":{"line":15,"column":35},"end":{"line":15,"column":60}},{"start":{"line":15,"column":63},"end":{"line":15,"column":65}}],"line":15},"1":{"loc":{"start":{"line":16,"column":12},"end":{"line":16,"column":51}},"type":"cond-expr","locations":[{"start":{"line":16,"column":28},"end":{"line":16,"column":46}},{"start":{"line":16,"column":49},"end":{"line":16,"column":51}}],"line":16},"2":{"loc":{"start":{"line":17,"column":14},"end":{"line":17,"column":74}},"type":"cond-expr","locations":[{"start":{"line":17,"column":30},"end":{"line":17,"column":69}},{"start":{"line":17,"column":72},"end":{"line":17,"column":74}}],"line":17},"3":{"loc":{"start":{"line":18,"column":17},"end":{"line":18,"column":75}},"type":"cond-expr","locations":[{"start":{"line":18,"column":33},"end":{"line":18,"column":64}},{"start":{"line":18,"column":67},"end":{"line":18,"column":75}}],"line":18},"4":{"loc":{"start":{"line":43,"column":4},"end":{"line":45,"column":5}},"type":"if","locations":[{"start":{"line":43,"column":4},"end":{"line":45,"column":5}},{"start":{"line":43,"column":4},"end":{"line":45,"column":5}}],"line":43},"5":{"loc":{"start":{"line":43,"column":8},"end":{"line":43,"column":55}},"type":"binary-expr","locations":[{"start":{"line":43,"column":8},"end":{"line":43,"column":15}},{"start":{"line":43,"column":19},"end":{"line":43,"column":55}}],"line":43},"6":{"loc":{"start":{"line":49,"column":4},"end":{"line":53,"column":5}},"type":"if","locations":[{"start":{"line":49,"column":4},"end":{"line":53,"column":5}},{"start":{"line":49,"column":4},"end":{"line":53,"column":5}}],"line":49},"7":{"loc":{"start":{"line":65,"column":4},"end":{"line":83,"column":5}},"type":"if","locations":[{"start":{"line":65,"column":4},"end":{"line":83,"column":5}},{"start":{"line":65,"column":4},"end":{"line":83,"column":5}}],"line":65},"8":{"loc":{"start":{"line":69,"column":11},"end":{"line":83,"column":5}},"type":"if","locations":[{"start":{"line":69,"column":11},"end":{"line":83,"column":5}},{"start":{"line":69,"column":11},"end":{"line":83,"column":5}}],"line":69},"9":{"loc":{"start":{"line":98,"column":9},"end":{"line":102,"column":9}},"type":"binary-expr","locations":[{"start":{"line":98,"column":9},"end":{"line":98,"column":25}},{"start":{"line":99,"column":10},"end":{"line":101,"column":14}}],"line":98}},"s":{"0":3,"1":10,"2":10,"3":1,"4":1,"5":1,"6":1,"7":1,"8":1,"9":2,"10":2,"11":1,"12":1,"13":1,"14":1,"15":1,"16":1,"17":1,"18":2,"19":2,"20":1,"21":1,"22":1,"23":0,"24":0,"25":1,"26":1,"27":1,"28":17,"29":0},"f":{"0":10,"1":1,"2":1,"3":1,"4":1,"5":2,"6":1,"7":1,"8":1,"9":1,"10":1,"11":2,"12":1,"13":0,"14":1,"15":17,"16":0},"b":{"0":[2,8],"1":[2,8],"2":[2,8],"3":[2,8],"4":[1,1],"5":[2,2],"6":[1,0],"7":[1,1],"8":[0,1],"9":[17,1]},"_coverageSchema":"332fd63041d2c1bcb487cc26dd0d5f7d97098a6c","hash":"7bf4db285b4e30392dbbd36fb79a6c929d327006"}
,"/Users/haniabuzeid/Visual_studio_code/Javascript-3/Udemy-yarn/expensify-app/src/components/ExpenseList.js": {"path":"/Users/haniabuzeid/Visual_studio_code/Javascript-3/Udemy-yarn/expensify-app/src/components/ExpenseList.js","statementMap":{"0":{"start":{"line":6,"column":27},"end":{"line":25,"column":1}},"1":{"start":{"line":7,"column":2},"end":{"line":24,"column":8}},"2":{"start":{"line":20,"column":10},"end":{"line":20,"column":67}},"3":{"start":{"line":27,"column":24},"end":{"line":31,"column":1}},"4":{"start":{"line":28,"column":2},"end":{"line":30,"column":4}}},"fnMap":{"0":{"name":"(anonymous_0)","decl":{"start":{"line":6,"column":27},"end":{"line":6,"column":28}},"loc":{"start":{"line":7,"column":2},"end":{"line":24,"column":8}},"line":7},"1":{"name":"(anonymous_1)","decl":{"start":{"line":19,"column":27},"end":{"line":19,"column":28}},"loc":{"start":{"line":19,"column":38},"end":{"line":21,"column":9}},"line":19},"2":{"name":"(anonymous_2)","decl":{"start":{"line":27,"column":24},"end":{"line":27,"column":25}},"loc":{"start":{"line":27,"column":33},"end":{"line":31,"column":1}},"line":27}},"branchMap":{"0":{"loc":{"start":{"line":14,"column":7},"end":{"line":22,"column":7}},"type":"cond-expr","locations":[{"start":{"line":15,"column":8},"end":{"line":17,"column":14}},{"start":{"line":19,"column":8},"end":{"line":21,"column":10}}],"line":14}},"s":{"0":2,"1":2,"2":3,"3":2,"4":0},"f":{"0":2,"1":3,"2":0},"b":{"0":[1,1]},"_coverageSchema":"332fd63041d2c1bcb487cc26dd0d5f7d97098a6c","hash":"74775fca9a6ac9cef5716a13b742ebbd602c7904"}
,"/Users/haniabuzeid/Visual_studio_code/Javascript-3/Udemy-yarn/expensify-app/src/components/ExpenseListFilters.js": {"path":"/Users/haniabuzeid/Visual_studio_code/Javascript-3/Udemy-yarn/expensify-app/src/components/ExpenseListFilters.js","statementMap":{"0":{"start":{"line":17,"column":4},"end":{"line":17,"column":39}},"1":{"start":{"line":18,"column":4},"end":{"line":18,"column":35}},"2":{"start":{"line":21,"column":4},"end":{"line":21,"column":47}},"3":{"start":{"line":21,"column":25},"end":{"line":21,"column":44}},"4":{"start":{"line":24,"column":4},"end":{"line":24,"column":45}},"5":{"start":{"line":27,"column":4},"end":{"line":31,"column":5}},"6":{"start":{"line":28,"column":6},"end":{"line":28,"column":30}},"7":{"start":{"line":29,"column":11},"end":{"line":31,"column":5}},"8":{"start":{"line":30,"column":6},"end":{"line":30,"column":32}},"9":{"start":{"line":34,"column":4},"end":{"line":70,"column":6}},"10":{"start":{"line":65,"column":36},"end":{"line":65,"column":41}},"11":{"start":{"line":74,"column":24},"end":{"line":76,"column":2}},"12":{"start":{"line":74,"column":34},"end":{"line":76,"column":1}},"13":{"start":{"line":78,"column":27},"end":{"line":84,"column":2}},"14":{"start":{"line":78,"column":40},"end":{"line":84,"column":1}},"15":{"start":{"line":79,"column":25},"end":{"line":79,"column":54}},"16":{"start":{"line":80,"column":20},"end":{"line":80,"column":42}},"17":{"start":{"line":81,"column":22},"end":{"line":81,"column":46}},"18":{"start":{"line":82,"column":29},"end":{"line":82,"column":62}},"19":{"start":{"line":83,"column":25},"end":{"line":83,"column":54}}},"fnMap":{"0":{"name":"(anonymous_0)","decl":{"start":{"line":16,"column":18},"end":{"line":16,"column":19}},"loc":{"start":{"line":16,"column":46},"end":{"line":19,"column":3}},"line":16},"1":{"name":"(anonymous_1)","decl":{"start":{"line":20,"column":18},"end":{"line":20,"column":19}},"loc":{"start":{"line":20,"column":37},"end":{"line":22,"column":3}},"line":20},"2":{"name":"(anonymous_2)","decl":{"start":{"line":21,"column":18},"end":{"line":21,"column":19}},"loc":{"start":{"line":21,"column":25},"end":{"line":21,"column":44}},"line":21},"3":{"name":"(anonymous_3)","decl":{"start":{"line":23,"column":17},"end":{"line":23,"column":18}},"loc":{"start":{"line":23,"column":22},"end":{"line":25,"column":3}},"line":23},"4":{"name":"(anonymous_4)","decl":{"start":{"line":26,"column":17},"end":{"line":26,"column":18}},"loc":{"start":{"line":26,"column":22},"end":{"line":32,"column":3}},"line":26},"5":{"name":"(anonymous_5)","decl":{"start":{"line":33,"column":2},"end":{"line":33,"column":3}},"loc":{"start":{"line":33,"column":11},"end":{"line":71,"column":3}},"line":33},"6":{"name":"(anonymous_6)","decl":{"start":{"line":65,"column":30},"end":{"line":65,"column":31}},"loc":{"start":{"line":65,"column":36},"end":{"line":65,"column":41}},"line":65},"7":{"name":"(anonymous_7)","decl":{"start":{"line":74,"column":24},"end":{"line":74,"column":25}},"loc":{"start":{"line":74,"column":34},"end":{"line":76,"column":1}},"line":74},"8":{"name":"(anonymous_8)","decl":{"start":{"line":78,"column":27},"end":{"line":78,"column":28}},"loc":{"start":{"line":78,"column":40},"end":{"line":84,"column":1}},"line":78},"9":{"name":"(anonymous_9)","decl":{"start":{"line":79,"column":17},"end":{"line":79,"column":18}},"loc":{"start":{"line":79,"column":25},"end":{"line":79,"column":54}},"line":79},"10":{"name":"(anonymous_10)","decl":{"start":{"line":80,"column":14},"end":{"line":80,"column":15}},"loc":{"start":{"line":80,"column":20},"end":{"line":80,"column":42}},"line":80},"11":{"name":"(anonymous_11)","decl":{"start":{"line":81,"column":16},"end":{"line":81,"column":17}},"loc":{"start":{"line":81,"column":22},"end":{"line":81,"column":46}},"line":81},"12":{"name":"(anonymous_12)","decl":{"start":{"line":82,"column":16},"end":{"line":82,"column":17}},"loc":{"start":{"line":82,"column":29},"end":{"line":82,"column":62}},"line":82},"13":{"name":"(anonymous_13)","decl":{"start":{"line":83,"column":14},"end":{"line":83,"column":15}},"loc":{"start":{"line":83,"column":25},"end":{"line":83,"column":54}},"line":83}},"branchMap":{"0":{"loc":{"start":{"line":27,"column":4},"end":{"line":31,"column":5}},"type":"if","locations":[{"start":{"line":27,"column":4},"end":{"line":31,"column":5}},{"start":{"line":27,"column":4},"end":{"line":31,"column":5}}],"line":27},"1":{"loc":{"start":{"line":29,"column":11},"end":{"line":31,"column":5}},"type":"if","locations":[{"start":{"line":29,"column":11},"end":{"line":31,"column":5}},{"start":{"line":29,"column":11},"end":{"line":31,"column":5}}],"line":29}},"s":{"0":1,"1":1,"2":1,"3":1,"4":1,"5":2,"6":1,"7":1,"8":1,"9":10,"10":0,"11":2,"12":0,"13":2,"14":0,"15":0,"16":0,"17":0,"18":0,"19":0},"f":{"0":1,"1":1,"2":1,"3":1,"4":2,"5":10,"6":0,"7":0,"8":0,"9":0,"10":0,"11":0,"12":0,"13":0},"b":{"0":[1,1],"1":[1,0]},"_coverageSchema":"332fd63041d2c1bcb487cc26dd0d5f7d97098a6c","hash":"56360ea56ac39a0a04bf74597a24aa4c091f999d"}
,"/Users/haniabuzeid/Visual_studio_code/Javascript-3/Udemy-yarn/expensify-app/src/components/ExpenseListItem.js": {"path":"/Users/haniabuzeid/Visual_studio_code/Javascript-3/Udemy-yarn/expensify-app/src/components/ExpenseListItem.js","statementMap":{"0":{"start":{"line":6,"column":24},"end":{"line":19,"column":1}},"1":{"start":{"line":7,"column":2},"end":{"line":18,"column":9}}},"fnMap":{"0":{"name":"(anonymous_0)","decl":{"start":{"line":6,"column":24},"end":{"line":6,"column":25}},"loc":{"start":{"line":7,"column":2},"end":{"line":18,"column":9}},"line":7}},"branchMap":{},"s":{"0":3,"1":1},"f":{"0":1},"b":{},"_coverageSchema":"332fd63041d2c1bcb487cc26dd0d5f7d97098a6c","hash":"ecd7ffa176512308ecb153b5a236d1109ada39e7"}
,"/Users/haniabuzeid/Visual_studio_code/Javascript-3/Udemy-yarn/expensify-app/src/components/ExpensesSummary.js": {"path":"/Users/haniabuzeid/Visual_studio_code/Javascript-3/Udemy-yarn/expensify-app/src/components/ExpensesSummary.js","statementMap":{"0":{"start":{"line":9,"column":31},"end":{"line":27,"column":1}},"1":{"start":{"line":10,"column":22},"end":{"line":10,"column":65}},"2":{"start":{"line":11,"column":32},"end":{"line":11,"column":78}},"3":{"start":{"line":12,"column":2},"end":{"line":26,"column":4}},"4":{"start":{"line":29,"column":24},"end":{"line":36,"column":1}},"5":{"start":{"line":30,"column":26},"end":{"line":30,"column":71}},"6":{"start":{"line":32,"column":2},"end":{"line":35,"column":4}}},"fnMap":{"0":{"name":"(anonymous_0)","decl":{"start":{"line":9,"column":31},"end":{"line":9,"column":32}},"loc":{"start":{"line":9,"column":68},"end":{"line":27,"column":1}},"line":9},"1":{"name":"(anonymous_1)","decl":{"start":{"line":29,"column":24},"end":{"line":29,"column":25}},"loc":{"start":{"line":29,"column":33},"end":{"line":36,"column":1}},"line":29}},"branchMap":{"0":{"loc":{"start":{"line":10,"column":22},"end":{"line":10,"column":65}},"type":"cond-expr","locations":[{"start":{"line":10,"column":43},"end":{"line":10,"column":52}},{"start":{"line":10,"column":55},"end":{"line":10,"column":65}}],"line":10}},"s":{"0":2,"1":2,"2":2,"3":2,"4":2,"5":0,"6":0},"f":{"0":2,"1":0},"b":{"0":[1,1]},"_coverageSchema":"332fd63041d2c1bcb487cc26dd0d5f7d97098a6c","hash":"78003f5d1ed34d1c3c094cc39999df306edf9ebc"}
,"/Users/haniabuzeid/Visual_studio_code/Javascript-3/Udemy-yarn/expensify-app/src/components/Header.js": {"path":"/Users/haniabuzeid/Visual_studio_code/Javascript-3/Udemy-yarn/expensify-app/src/components/Header.js","statementMap":{"0":{"start":{"line":7,"column":22},"end":{"line":22,"column":1}},"1":{"start":{"line":8,"column":4},"end":{"line":21,"column":13}},"2":{"start":{"line":24,"column":27},"end":{"line":26,"column":2}},"3":{"start":{"line":24,"column":40},"end":{"line":26,"column":1}},"4":{"start":{"line":25,"column":23},"end":{"line":25,"column":46}}},"fnMap":{"0":{"name":"(anonymous_0)","decl":{"start":{"line":7,"column":22},"end":{"line":7,"column":23}},"loc":{"start":{"line":8,"column":4},"end":{"line":21,"column":13}},"line":8},"1":{"name":"(anonymous_1)","decl":{"start":{"line":24,"column":27},"end":{"line":24,"column":28}},"loc":{"start":{"line":24,"column":40},"end":{"line":26,"column":1}},"line":24},"2":{"name":"(anonymous_2)","decl":{"start":{"line":25,"column":17},"end":{"line":25,"column":18}},"loc":{"start":{"line":25,"column":23},"end":{"line":25,"column":46}},"line":25}},"branchMap":{},"s":{"0":1,"1":4,"2":1,"3":0,"4":0},"f":{"0":4,"1":0,"2":0},"b":{},"_coverageSchema":"332fd63041d2c1bcb487cc26dd0d5f7d97098a6c","hash":"6f5ec44d27a5b43d01849ad6283a7abcc4bab774"}
,"/Users/haniabuzeid/Visual_studio_code/Javascript-3/Udemy-yarn/expensify-app/src/components/LoadingPage.js": {"path":"/Users/haniabuzeid/Visual_studio_code/Javascript-3/Udemy-yarn/expensify-app/src/components/LoadingPage.js","statementMap":{"0":{"start":{"line":3,"column":20},"end":{"line":11,"column":1}},"1":{"start":{"line":4,"column":4},"end":{"line":10,"column":10}}},"fnMap":{"0":{"name":"(anonymous_0)","decl":{"start":{"line":3,"column":20},"end":{"line":3,"column":21}},"loc":{"start":{"line":4,"column":4},"end":{"line":10,"column":10}},"line":4}},"branchMap":{},"s":{"0":1,"1":1},"f":{"0":1},"b":{},"_coverageSchema":"332fd63041d2c1bcb487cc26dd0d5f7d97098a6c","hash":"1fd74bf03205825a730eec10e5e07e5ab06b5990"}
,"/Users/haniabuzeid/Visual_studio_code/Javascript-3/Udemy-yarn/expensify-app/src/components/LoginPage.js": {"path":"/Users/haniabuzeid/Visual_studio_code/Javascript-3/Udemy-yarn/expensify-app/src/components/LoginPage.js","statementMap":{"0":{"start":{"line":7,"column":25},"end":{"line":24,"column":1}},"1":{"start":{"line":8,"column":4},"end":{"line":23,"column":10}},"2":{"start":{"line":26,"column":27},"end":{"line":29,"column":2}},"3":{"start":{"line":26,"column":40},"end":{"line":29,"column":1}},"4":{"start":{"line":27,"column":22},"end":{"line":27,"column":44}},"5":{"start":{"line":28,"column":25},"end":{"line":28,"column":50}}},"fnMap":{"0":{"name":"(anonymous_0)","decl":{"start":{"line":7,"column":25},"end":{"line":7,"column":26}},"loc":{"start":{"line":8,"column":4},"end":{"line":23,"column":10}},"line":8},"1":{"name":"(anonymous_1)","decl":{"start":{"line":26,"column":27},"end":{"line":26,"column":28}},"loc":{"start":{"line":26,"column":40},"end":{"line":29,"column":1}},"line":26},"2":{"name":"(anonymous_2)","decl":{"start":{"line":27,"column":16},"end":{"line":27,"column":17}},"loc":{"start":{"line":27,"column":22},"end":{"line":27,"column":44}},"line":27},"3":{"name":"(anonymous_3)","decl":{"start":{"line":28,"column":19},"end":{"line":28,"column":20}},"loc":{"start":{"line":28,"column":25},"end":{"line":28,"column":50}},"line":28}},"branchMap":{},"s":{"0":1,"1":1,"2":1,"3":0,"4":0,"5":0},"f":{"0":1,"1":0,"2":0,"3":0},"b":{},"_coverageSchema":"332fd63041d2c1bcb487cc26dd0d5f7d97098a6c","hash":"d56aa6386d3546976071ae785de9fd4c1ecc2240"}
,"/Users/haniabuzeid/Visual_studio_code/Javascript-3/Udemy-yarn/expensify-app/src/components/NotfoundPage.js": {"path":"/Users/haniabuzeid/Visual_studio_code/Javascript-3/Udemy-yarn/expensify-app/src/components/NotfoundPage.js","statementMap":{"0":{"start":{"line":4,"column":21},"end":{"line":8,"column":1}},"1":{"start":{"line":5,"column":4},"end":{"line":7,"column":10}}},"fnMap":{"0":{"name":"(anonymous_0)","decl":{"start":{"line":4,"column":21},"end":{"line":4,"column":22}},"loc":{"start":{"line":5,"column":4},"end":{"line":7,"column":10}},"line":5}},"branchMap":{},"s":{"0":1,"1":1},"f":{"0":1},"b":{},"_coverageSchema":"332fd63041d2c1bcb487cc26dd0d5f7d97098a6c","hash":"f82d8fa43c738d16ee468cd6891c0679f87eab84"}
,"/Users/haniabuzeid/Visual_studio_code/Javascript-3/Udemy-yarn/expensify-app/src/firebase/firebase.js": {"path":"/Users/haniabuzeid/Visual_studio_code/Javascript-3/Udemy-yarn/expensify-app/src/firebase/firebase.js","statementMap":{"0":{"start":{"line":4,"column":15},"end":{"line":11,"column":1}},"1":{"start":{"line":12,"column":0},"end":{"line":12,"column":31}},"2":{"start":{"line":14,"column":11},"end":{"line":14,"column":30}},"3":{"start":{"line":16,"column":27},"end":{"line":16,"column":65}},"4":{"start":{"line":17,"column":27},"end":{"line":17,"column":65}}},"fnMap":{},"branchMap":{},"s":{"0":7,"1":7,"2":7,"3":7,"4":7},"f":{},"b":{},"_coverageSchema":"332fd63041d2c1bcb487cc26dd0d5f7d97098a6c","hash":"2e1baf7ae7f6d4fc77bf97f2f5e74f994399798c"}
,"/Users/haniabuzeid/Visual_studio_code/Javascript-3/Udemy-yarn/expensify-app/src/reducers/auth.js": {"path":"/Users/haniabuzeid/Visual_studio_code/Javascript-3/Udemy-yarn/expensify-app/src/reducers/auth.js","statementMap":{"0":{"start":{"line":2,"column":2},"end":{"line":11,"column":3}},"1":{"start":{"line":4,"column":6},"end":{"line":6,"column":8}},"2":{"start":{"line":8,"column":6},"end":{"line":8,"column":16}},"3":{"start":{"line":10,"column":6},"end":{"line":10,"column":19}}},"fnMap":{"0":{"name":"(anonymous_0)","decl":{"start":{"line":1,"column":15},"end":{"line":1,"column":16}},"loc":{"start":{"line":1,"column":39},"end":{"line":12,"column":1}},"line":1}},"branchMap":{"0":{"loc":{"start":{"line":1,"column":16},"end":{"line":1,"column":26}},"type":"default-arg","locations":[{"start":{"line":1,"column":24},"end":{"line":1,"column":26}}],"line":1},"1":{"loc":{"start":{"line":2,"column":2},"end":{"line":11,"column":3}},"type":"switch","locations":[{"start":{"line":3,"column":4},"end":{"line":6,"column":8}},{"start":{"line":7,"column":4},"end":{"line":8,"column":16}},{"start":{"line":9,"column":4},"end":{"line":10,"column":19}}],"line":2}},"s":{"0":2,"1":1,"2":1,"3":0},"f":{"0":2},"b":{"0":[0],"1":[1,1,0]},"_coverageSchema":"332fd63041d2c1bcb487cc26dd0d5f7d97098a6c","hash":"efc9ca3289e236633e65e93e8aea3052eb28c535"}
,"/Users/haniabuzeid/Visual_studio_code/Javascript-3/Udemy-yarn/expensify-app/src/reducers/expenses.js": {"path":"/Users/haniabuzeid/Visual_studio_code/Javascript-3/Udemy-yarn/expensify-app/src/reducers/expenses.js","statementMap":{"0":{"start":{"line":3,"column":36},"end":{"line":3,"column":38}},"1":{"start":{"line":6,"column":2},"end":{"line":26,"column":3}},"2":{"start":{"line":8,"column":6},"end":{"line":8,"column":40}},"3":{"start":{"line":10,"column":6},"end":{"line":10,"column":56}},"4":{"start":{"line":10,"column":38},"end":{"line":10,"column":54}},"5":{"start":{"line":12,"column":6},"end":{"line":21,"column":9}},"6":{"start":{"line":13,"column":8},"end":{"line":20,"column":9}},"7":{"start":{"line":14,"column":10},"end":{"line":17,"column":12}},"8":{"start":{"line":19,"column":10},"end":{"line":19,"column":25}},"9":{"start":{"line":23,"column":6},"end":{"line":23,"column":29}},"10":{"start":{"line":25,"column":6},"end":{"line":25,"column":19}}},"fnMap":{"0":{"name":"(anonymous_0)","decl":{"start":{"line":5,"column":15},"end":{"line":5,"column":16}},"loc":{"start":{"line":5,"column":64},"end":{"line":27,"column":1}},"line":5},"1":{"name":"(anonymous_1)","decl":{"start":{"line":10,"column":26},"end":{"line":10,"column":27}},"loc":{"start":{"line":10,"column":38},"end":{"line":10,"column":54}},"line":10},"2":{"name":"(anonymous_2)","decl":{"start":{"line":12,"column":23},"end":{"line":12,"column":24}},"loc":{"start":{"line":12,"column":34},"end":{"line":21,"column":7}},"line":12}},"branchMap":{"0":{"loc":{"start":{"line":5,"column":16},"end":{"line":5,"column":51}},"type":"default-arg","locations":[{"start":{"line":5,"column":24},"end":{"line":5,"column":51}}],"line":5},"1":{"loc":{"start":{"line":6,"column":2},"end":{"line":26,"column":3}},"type":"switch","locations":[{"start":{"line":7,"column":4},"end":{"line":8,"column":40}},{"start":{"line":9,"column":4},"end":{"line":10,"column":56}},{"start":{"line":11,"column":4},"end":{"line":21,"column":9}},{"start":{"line":22,"column":4},"end":{"line":23,"column":29}},{"start":{"line":24,"column":4},"end":{"line":25,"column":19}}],"line":6},"2":{"loc":{"start":{"line":13,"column":8},"end":{"line":20,"column":9}},"type":"if","locations":[{"start":{"line":13,"column":8},"end":{"line":20,"column":9}},{"start":{"line":13,"column":8},"end":{"line":20,"column":9}}],"line":13}},"s":{"0":1,"1":7,"2":1,"3":2,"4":6,"5":2,"6":6,"7":1,"8":5,"9":1,"10":1},"f":{"0":7,"1":6,"2":6},"b":{"0":[1],"1":[1,2,2,1,1],"2":[1,5]},"_coverageSchema":"332fd63041d2c1bcb487cc26dd0d5f7d97098a6c","hash":"c87daeae3ed8f24d7b59fbea3a352fa1cad0e71c"}
,"/Users/haniabuzeid/Visual_studio_code/Javascript-3/Udemy-yarn/expensify-app/src/reducers/filters.js": {"path":"/Users/haniabuzeid/Visual_studio_code/Javascript-3/Udemy-yarn/expensify-app/src/reducers/filters.js","statementMap":{"0":{"start":{"line":5,"column":35},"end":{"line":10,"column":1}},"1":{"start":{"line":13,"column":2},"end":{"line":41,"column":3}},"2":{"start":{"line":15,"column":6},"end":{"line":18,"column":8}},"3":{"start":{"line":20,"column":6},"end":{"line":23,"column":8}},"4":{"start":{"line":25,"column":6},"end":{"line":28,"column":8}},"5":{"start":{"line":30,"column":6},"end":{"line":33,"column":8}},"6":{"start":{"line":35,"column":6},"end":{"line":38,"column":8}},"7":{"start":{"line":40,"column":6},"end":{"line":40,"column":19}}},"fnMap":{"0":{"name":"(anonymous_0)","decl":{"start":{"line":12,"column":15},"end":{"line":12,"column":16}},"loc":{"start":{"line":12,"column":63},"end":{"line":42,"column":1}},"line":12}},"branchMap":{"0":{"loc":{"start":{"line":12,"column":16},"end":{"line":12,"column":50}},"type":"default-arg","locations":[{"start":{"line":12,"column":24},"end":{"line":12,"column":50}}],"line":12},"1":{"loc":{"start":{"line":13,"column":2},"end":{"line":41,"column":3}},"type":"switch","locations":[{"start":{"line":14,"column":4},"end":{"line":18,"column":8}},{"start":{"line":19,"column":4},"end":{"line":23,"column":8}},{"start":{"line":24,"column":4},"end":{"line":28,"column":8}},{"start":{"line":29,"column":4},"end":{"line":33,"column":8}},{"start":{"line":34,"column":4},"end":{"line":38,"column":8}},{"start":{"line":39,"column":4},"end":{"line":40,"column":19}}],"line":13}},"s":{"0":1,"1":6,"2":1,"3":1,"4":1,"5":1,"6":1,"7":1},"f":{"0":6},"b":{"0":[5],"1":[1,1,1,1,1,1]},"_coverageSchema":"332fd63041d2c1bcb487cc26dd0d5f7d97098a6c","hash":"e1895af15cf42e26fcb665eb9fee40553ae60a31"}
,"/Users/haniabuzeid/Visual_studio_code/Javascript-3/Udemy-yarn/expensify-app/src/selectors/expenses-total.js": {"path":"/Users/haniabuzeid/Visual_studio_code/Javascript-3/Udemy-yarn/expensify-app/src/selectors/expenses-total.js","statementMap":{"0":{"start":{"line":4,"column":2},"end":{"line":6,"column":58}},"1":{"start":{"line":5,"column":20},"end":{"line":5,"column":34}},"2":{"start":{"line":6,"column":35},"end":{"line":6,"column":53}}},"fnMap":{"0":{"name":"(anonymous_0)","decl":{"start":{"line":3,"column":15},"end":{"line":3,"column":16}},"loc":{"start":{"line":3,"column":27},"end":{"line":7,"column":1}},"line":3},"1":{"name":"(anonymous_1)","decl":{"start":{"line":5,"column":9},"end":{"line":5,"column":10}},"loc":{"start":{"line":5,"column":20},"end":{"line":5,"column":34}},"line":5},"2":{"name":"(anonymous_2)","decl":{"start":{"line":6,"column":12},"end":{"line":6,"column":13}},"loc":{"start":{"line":6,"column":35},"end":{"line":6,"column":53}},"line":6}},"branchMap":{},"s":{"0":3,"1":4,"2":4},"f":{"0":3,"1":4,"2":4},"b":{},"_coverageSchema":"332fd63041d2c1bcb487cc26dd0d5f7d97098a6c","hash":"61a5af556cbecb3d840c09261ed798d37c9088ff"}
,"/Users/haniabuzeid/Visual_studio_code/Javascript-3/Udemy-yarn/expensify-app/src/selectors/expenses.js": {"path":"/Users/haniabuzeid/Visual_studio_code/Javascript-3/Udemy-yarn/expensify-app/src/selectors/expenses.js","statementMap":{"0":{"start":{"line":5,"column":2},"end":{"line":27,"column":7}},"1":{"start":{"line":7,"column":30},"end":{"line":7,"column":55}},"2":{"start":{"line":8,"column":29},"end":{"line":10,"column":14}},"3":{"start":{"line":11,"column":27},"end":{"line":13,"column":14}},"4":{"start":{"line":14,"column":24},"end":{"line":16,"column":37}},"5":{"start":{"line":18,"column":6},"end":{"line":18,"column":57}},"6":{"start":{"line":21,"column":6},"end":{"line":23,"column":7}},"7":{"start":{"line":22,"column":8},"end":{"line":22,"column":50}},"8":{"start":{"line":24,"column":6},"end":{"line":26,"column":7}},"9":{"start":{"line":25,"column":8},"end":{"line":25,"column":44}}},"fnMap":{"0":{"name":"(anonymous_0)","decl":{"start":{"line":4,"column":15},"end":{"line":4,"column":16}},"loc":{"start":{"line":4,"column":67},"end":{"line":28,"column":1}},"line":4},"1":{"name":"(anonymous_1)","decl":{"start":{"line":6,"column":12},"end":{"line":6,"column":13}},"loc":{"start":{"line":6,"column":23},"end":{"line":19,"column":5}},"line":6},"2":{"name":"(anonymous_2)","decl":{"start":{"line":20,"column":10},"end":{"line":20,"column":11}},"loc":{"start":{"line":20,"column":20},"end":{"line":27,"column":5}},"line":20}},"branchMap":{"0":{"loc":{"start":{"line":8,"column":29},"end":{"line":10,"column":14}},"type":"cond-expr","locations":[{"start":{"line":9,"column":10},"end":{"line":9,"column":58}},{"start":{"line":10,"column":10},"end":{"line":10,"column":14}}],"line":8},"1":{"loc":{"start":{"line":11,"column":27},"end":{"line":13,"column":14}},"type":"cond-expr","locations":[{"start":{"line":12,"column":10},"end":{"line":12,"column":55}},{"start":{"line":13,"column":10},"end":{"line":13,"column":14}}],"line":11},"2":{"loc":{"start":{"line":18,"column":13},"end":{"line":18,"column":56}},"type":"binary-expr","locations":[{"start":{"line":18,"column":13},"end":{"line":18,"column":27}},{"start":{"line":18,"column":31},"end":{"line":18,"column":43}},{"start":{"line":18,"column":47},"end":{"line":18,"column":56}}],"line":18},"3":{"loc":{"start":{"line":21,"column":6},"end":{"line":23,"column":7}},"type":"if","locations":[{"start":{"line":21,"column":6},"end":{"line":23,"column":7}},{"start":{"line":21,"column":6},"end":{"line":23,"column":7}}],"line":21},"4":{"loc":{"start":{"line":22,"column":15},"end":{"line":22,"column":49}},"type":"cond-expr","locations":[{"start":{"line":22,"column":43},"end":{"line":22,"column":44}},{"start":{"line":22,"column":47},"end":{"line":22,"column":49}}],"line":22},"5":{"loc":{"start":{"line":24,"column":6},"end":{"line":26,"column":7}},"type":"if","locations":[{"start":{"line":24,"column":6},"end":{"line":26,"column":7}},{"start":{"line":24,"column":6},"end":{"line":26,"column":7}}],"line":24},"6":{"loc":{"start":{"line":25,"column":15},"end":{"line":25,"column":43}},"type":"cond-expr","locations":[{"start":{"line":25,"column":37},"end":{"line":25,"column":38}},{"start":{"line":25,"column":41},"end":{"line":25,"column":43}}],"line":25}},"s":{"0":5,"1":15,"2":15,"3":15,"4":15,"5":15,"6":9,"7":6,"8":3,"9":3},"f":{"0":5,"1":15,"2":9},"b":{"0":[3,12],"1":[3,12],"2":[15,14,13],"3":[6,3],"4":[4,2],"5":[3,0],"6":[2,1]},"_coverageSchema":"332fd63041d2c1bcb487cc26dd0d5f7d97098a6c","hash":"7ee656e3e7c0a46fbf2d366ce5b6babc2a31ef18"}
,"/Users/haniabuzeid/Visual_studio_code/Javascript-3/Udemy-yarn/expensify-app/src/tests/setupTests.js": {"path":"/Users/haniabuzeid/Visual_studio_code/Javascript-3/Udemy-yarn/expensify-app/src/tests/setupTests.js","statementMap":{"0":{"start":{"line":6,"column":0},"end":{"line":6,"column":37}},"1":{"start":{"line":8,"column":0},"end":{"line":10,"column":3}}},"fnMap":{},"branchMap":{},"s":{"0":20,"1":20},"f":{},"b":{},"_coverageSchema":"332fd63041d2c1bcb487cc26dd0d5f7d97098a6c","hash":"78007a97c859e6906a4396f24fb9bdb17c9db38b"}
,"/Users/haniabuzeid/Visual_studio_code/Javascript-3/Udemy-yarn/expensify-app/src/tests/fixtures/expenses.js": {"path":"/Users/haniabuzeid/Visual_studio_code/Javascript-3/Udemy-yarn/expensify-app/src/tests/fixtures/expenses.js","statementMap":{},"fnMap":{},"branchMap":{},"s":{},"f":{},"b":{},"_coverageSchema":"332fd63041d2c1bcb487cc26dd0d5f7d97098a6c","hash":"7c8aad0f18abd8d48755a9a534547d73f913cb12"}
,"/Users/haniabuzeid/Visual_studio_code/Javascript-3/Udemy-yarn/expensify-app/src/tests/fixtures/filters.js": {"path":"/Users/haniabuzeid/Visual_studio_code/Javascript-3/Udemy-yarn/expensify-app/src/tests/fixtures/filters.js","statementMap":{"0":{"start":{"line":3,"column":16},"end":{"line":8,"column":1}},"1":{"start":{"line":9,"column":19},"end":{"line":14,"column":1}}},"fnMap":{},"branchMap":{},"s":{"0":1,"1":1},"f":{},"b":{},"_coverageSchema":"332fd63041d2c1bcb487cc26dd0d5f7d97098a6c","hash":"ae94c761b9bc911de81d3860b6017368f9a0b71b"}
}
