TN:
SF:/Users/haniabuzeid/Visual_studio_code/Javascript-3/Udemy-yarn/expensify-app/src/actions/auth.js
FN:7,(anonymous_0)
FN:12,(anonymous_1)
FN:13,(anonymous_2)
FN:17,(anonymous_3)
FN:21,(anonymous_4)
FN:35,(anonymous_5)
FN:36,(anonymous_6)
FN:40,(anonymous_7)
FN:45,(anonymous_8)
FN:63,(anonymous_9)
FN:67,(anonymous_10)
FN:68,(anonymous_11)
FNF:12
FNH:2
FNDA:1,(anonymous_0)
FNDA:0,(anonymous_1)
FNDA:0,(anonymous_2)
FNDA:0,(anonymous_3)
FNDA:0,(anonymous_4)
FNDA:0,(anonymous_5)
FNDA:0,(anonymous_6)
FNDA:0,(anonymous_7)
FNDA:0,(anonymous_8)
FNDA:1,(anonymous_9)
FNDA:0,(anonymous_10)
FNDA:0,(anonymous_11)
DA:7,3
DA:12,3
DA:13,0
DA:14,0
DA:18,0
DA:19,0
DA:22,0
DA:23,0
DA:24,0
DA:25,0
DA:26,0
DA:27,0
DA:29,0
DA:35,3
DA:36,0
DA:37,0
DA:41,0
DA:43,0
DA:47,0
DA:48,0
DA:50,0
DA:52,0
DA:53,0
DA:54,0
DA:57,0
DA:63,3
DA:67,3
DA:68,0
DA:69,0
LF:29
LH:5
BRDA:26,0,0,0
BRDA:26,0,1,0
BRDA:53,1,0,0
BRDA:53,1,1,0
BRF:4
BRH:0
end_of_record
TN:
SF:/Users/haniabuzeid/Visual_studio_code/Javascript-3/Udemy-yarn/expensify-app/src/actions/expenses.js
FN:17,(anonymous_0)
FN:22,(anonymous_1)
FN:23,(anonymous_2)
FN:36,(anonymous_3)
FN:48,(anonymous_4)
FN:54,(anonymous_5)
FN:55,(anonymous_6)
FN:60,(anonymous_7)
FN:66,(anonymous_8)
FN:73,(anonymous_9)
FN:74,(anonymous_10)
FN:79,(anonymous_11)
FN:86,(anonymous_12)
FN:92,(anonymous_13)
FN:93,(anonymous_14)
FN:98,(anonymous_15)
FN:101,(anonymous_16)
FNF:17
FNH:17
FNDA:3,(anonymous_0)
FNDA:2,(anonymous_1)
FNDA:2,(anonymous_2)
FNDA:2,(anonymous_3)
FNDA:2,(anonymous_4)
FNDA:1,(anonymous_5)
FNDA:1,(anonymous_6)
FNDA:1,(anonymous_7)
FNDA:2,(anonymous_8)
FNDA:1,(anonymous_9)
FNDA:1,(anonymous_10)
FNDA:1,(anonymous_11)
FNDA:2,(anonymous_12)
FNDA:1,(anonymous_13)
FNDA:1,(anonymous_14)
FNDA:1,(anonymous_15)
FNDA:3,(anonymous_16)
DA:17,4
DA:22,4
DA:23,2
DA:24,2
DA:30,2
DA:31,2
DA:33,2
DA:37,2
DA:48,4
DA:54,4
DA:55,1
DA:56,1
DA:57,1
DA:61,1
DA:66,4
DA:73,4
DA:74,1
DA:75,1
DA:76,1
DA:80,1
DA:86,4
DA:92,4
DA:93,1
DA:94,1
DA:95,1
DA:99,1
DA:101,1
DA:102,3
DA:107,1
LF:29
LH:29
BRDA:22,0,0,0
BRDA:26,1,0,1
BRDA:27,2,0,1
BRDA:28,3,0,1
BRDA:29,4,0,1
BRDA:48,5,0,0
BRDA:54,6,0,0
BRF:7
BRH:4
end_of_record
TN:
SF:/Users/haniabuzeid/Visual_studio_code/Javascript-3/Udemy-yarn/expensify-app/src/actions/filters.js
FN:2,(anonymous_0)
FN:7,(anonymous_1)
FN:11,(anonymous_2)
FN:15,(anonymous_3)
FN:21,(anonymous_4)
FNF:5
FNH:5
FNDA:2,(anonymous_0)
FNDA:1,(anonymous_1)
FNDA:1,(anonymous_2)
FNDA:1,(anonymous_3)
FNDA:1,(anonymous_4)
DA:2,3
DA:7,3
DA:11,3
DA:15,3
DA:21,3
LF:5
LH:5
BRDA:2,0,0,1
BRF:1
BRH:1
end_of_record
TN:
SF:/Users/haniabuzeid/Visual_studio_code/Javascript-3/Udemy-yarn/expensify-app/src/components/AddExpensePage.js
FN:7,(anonymous_0)
FN:12,(anonymous_1)
FN:28,(anonymous_2)
FN:29,(anonymous_3)
FNF:4
FNH:2
FNDA:1,(anonymous_0)
FNDA:4,(anonymous_1)
FNDA:0,(anonymous_2)
FNDA:0,(anonymous_3)
DA:8,1
DA:9,1
DA:13,4
DA:28,1
DA:29,0
LF:5
LH:4
BRF:0
BRH:0
end_of_record
TN:
SF:/Users/haniabuzeid/Visual_studio_code/Javascript-3/Udemy-yarn/expensify-app/src/components/EditExpensePage.js
FN:7,(anonymous_0)
FN:11,(anonymous_1)
FN:15,(anonymous_2)
FN:37,(anonymous_3)
FN:38,(anonymous_4)
FN:41,(anonymous_5)
FN:42,(anonymous_6)
FN:43,(anonymous_7)
FNF:8
FNH:3
FNDA:1,(anonymous_0)
FNDA:1,(anonymous_1)
FNDA:3,(anonymous_2)
FNDA:0,(anonymous_3)
FNDA:0,(anonymous_4)
FNDA:0,(anonymous_5)
FNDA:0,(anonymous_6)
FNDA:0,(anonymous_7)
DA:8,1
DA:9,1
DA:12,1
DA:13,1
DA:16,3
DA:37,1
DA:38,0
DA:41,1
DA:42,0
DA:43,0
LF:10
LH:7
BRF:0
BRH:0
end_of_record
TN:
SF:/Users/haniabuzeid/Visual_studio_code/Javascript-3/Udemy-yarn/expensify-app/src/components/ExpenseDashboardPage.js
FN:6,(anonymous_0)
FNF:1
FNH:1
FNDA:1,(anonymous_0)
DA:6,1
DA:7,1
LF:2
LH:2
BRF:0
BRH:0
end_of_record
TN:
SF:/Users/haniabuzeid/Visual_studio_code/Javascript-3/Udemy-yarn/expensify-app/src/components/ExpenseForm.js
FN:11,(anonymous_0)
FN:24,(anonymous_1)
FN:26,(anonymous_2)
FN:31,(anonymous_3)
FN:36,(anonymous_4)
FN:41,(anonymous_5)
FN:44,(anonymous_6)
FN:48,(anonymous_7)
FN:50,(anonymous_8)
FN:56,(anonymous_9)
FN:57,(anonymous_10)
FN:62,(anonymous_11)
FN:66,(anonymous_12)
FN:70,(anonymous_13)
FN:74,(anonymous_14)
FN:95,(anonymous_15)
FN:124,(anonymous_16)
FNF:17
FNH:15
FNDA:10,(anonymous_0)
FNDA:1,(anonymous_1)
FNDA:1,(anonymous_2)
FNDA:1,(anonymous_3)
FNDA:1,(anonymous_4)
FNDA:2,(anonymous_5)
FNDA:1,(anonymous_6)
FNDA:1,(anonymous_7)
FNDA:1,(anonymous_8)
FNDA:1,(anonymous_9)
FNDA:1,(anonymous_10)
FNDA:2,(anonymous_11)
FNDA:1,(anonymous_12)
FNDA:0,(anonymous_13)
FNDA:1,(anonymous_14)
FNDA:17,(anonymous_15)
FNDA:0,(anonymous_16)
DA:7,3
DA:12,10
DA:14,10
DA:25,1
DA:26,1
DA:32,1
DA:36,1
DA:42,2
DA:43,2
DA:44,1
DA:49,1
DA:50,1
DA:57,1
DA:63,2
DA:65,2
DA:66,1
DA:69,1
DA:70,0
DA:74,1
DA:77,1
DA:96,17
DA:124,0
LF:22
LH:20
BRDA:15,0,0,2
BRDA:15,0,1,8
BRDA:16,1,0,2
BRDA:16,1,1,8
BRDA:17,2,0,2
BRDA:17,2,1,8
BRDA:18,3,0,2
BRDA:18,3,1,8
BRDA:43,4,0,1
BRDA:43,4,1,1
BRDA:43,5,0,2
BRDA:43,5,1,2
BRDA:49,6,0,1
BRDA:49,6,1,0
BRDA:65,7,0,1
BRDA:65,7,1,1
BRDA:69,8,0,0
BRDA:69,8,1,1
BRDA:98,9,0,17
BRDA:98,9,1,1
BRF:20
BRH:18
end_of_record
TN:
SF:/Users/haniabuzeid/Visual_studio_code/Javascript-3/Udemy-yarn/expensify-app/src/components/ExpenseList.js
FN:6,(anonymous_0)
FN:19,(anonymous_1)
FN:27,(anonymous_2)
FNF:3
FNH:2
FNDA:2,(anonymous_0)
FNDA:3,(anonymous_1)
FNDA:0,(anonymous_2)
DA:6,2
DA:7,2
DA:20,3
DA:27,2
DA:28,0
LF:5
LH:4
BRDA:14,0,0,1
BRDA:14,0,1,1
BRF:2
BRH:2
end_of_record
TN:
SF:/Users/haniabuzeid/Visual_studio_code/Javascript-3/Udemy-yarn/expensify-app/src/components/ExpenseListFilters.js
FN:16,(anonymous_0)
FN:20,(anonymous_1)
FN:21,(anonymous_2)
FN:23,(anonymous_3)
FN:26,(anonymous_4)
FN:33,(anonymous_5)
FN:65,(anonymous_6)
FN:74,(anonymous_7)
FN:78,(anonymous_8)
FN:79,(anonymous_9)
FN:80,(anonymous_10)
FN:81,(anonymous_11)
FN:82,(anonymous_12)
FN:83,(anonymous_13)
FNF:14
FNH:6
FNDA:1,(anonymous_0)
FNDA:1,(anonymous_1)
FNDA:1,(anonymous_2)
FNDA:1,(anonymous_3)
FNDA:2,(anonymous_4)
FNDA:10,(anonymous_5)
FNDA:0,(anonymous_6)
FNDA:0,(anonymous_7)
FNDA:0,(anonymous_8)
FNDA:0,(anonymous_9)
FNDA:0,(anonymous_10)
FNDA:0,(anonymous_11)
FNDA:0,(anonymous_12)
FNDA:0,(anonymous_13)
DA:17,1
DA:18,1
DA:21,1
DA:24,1
DA:27,2
DA:28,1
DA:29,1
DA:30,1
DA:34,10
DA:65,0
DA:74,2
DA:78,2
DA:79,0
DA:80,0
DA:81,0
DA:82,0
DA:83,0
LF:17
LH:11
BRDA:27,0,0,1
BRDA:27,0,1,1
BRDA:29,1,0,1
BRDA:29,1,1,0
BRF:4
BRH:3
end_of_record
TN:
SF:/Users/haniabuzeid/Visual_studio_code/Javascript-3/Udemy-yarn/expensify-app/src/components/ExpenseListItem.js
FN:6,(anonymous_0)
FNF:1
FNH:1
FNDA:1,(anonymous_0)
DA:6,3
DA:7,1
LF:2
LH:2
BRF:0
BRH:0
end_of_record
TN:
SF:/Users/haniabuzeid/Visual_studio_code/Javascript-3/Udemy-yarn/expensify-app/src/components/ExpensesSummary.js
FN:9,(anonymous_0)
FN:29,(anonymous_1)
FNF:2
FNH:1
FNDA:2,(anonymous_0)
FNDA:0,(anonymous_1)
DA:9,2
DA:10,2
DA:11,2
DA:12,2
DA:29,2
DA:30,0
DA:32,0
LF:7
LH:5
BRDA:10,0,0,1
BRDA:10,0,1,1
BRF:2
BRH:2
end_of_record
TN:
SF:/Users/haniabuzeid/Visual_studio_code/Javascript-3/Udemy-yarn/expensify-app/src/components/Header.js
FN:7,(anonymous_0)
FN:24,(anonymous_1)
FN:25,(anonymous_2)
FNF:3
FNH:1
FNDA:4,(anonymous_0)
FNDA:0,(anonymous_1)
FNDA:0,(anonymous_2)
DA:7,1
DA:8,4
DA:24,1
DA:25,0
LF:4
LH:3
BRF:0
BRH:0
end_of_record
TN:
SF:/Users/haniabuzeid/Visual_studio_code/Javascript-3/Udemy-yarn/expensify-app/src/components/LoadingPage.js
FN:3,(anonymous_0)
FNF:1
FNH:1
FNDA:1,(anonymous_0)
DA:3,1
DA:4,1
LF:2
LH:2
BRF:0
BRH:0
end_of_record
TN:
SF:/Users/haniabuzeid/Visual_studio_code/Javascript-3/Udemy-yarn/expensify-app/src/components/LoginPage.js
FN:7,(anonymous_0)
FN:26,(anonymous_1)
FN:27,(anonymous_2)
FN:28,(anonymous_3)
FNF:4
FNH:1
FNDA:1,(anonymous_0)
FNDA:0,(anonymous_1)
FNDA:0,(anonymous_2)
FNDA:0,(anonymous_3)
DA:7,1
DA:8,1
DA:26,1
DA:27,0
DA:28,0
LF:5
LH:3
BRF:0
BRH:0
end_of_record
TN:
SF:/Users/haniabuzeid/Visual_studio_code/Javascript-3/Udemy-yarn/expensify-app/src/components/NotfoundPage.js
FN:4,(anonymous_0)
FNF:1
FNH:1
FNDA:1,(anonymous_0)
DA:4,1
DA:5,1
LF:2
LH:2
BRF:0
BRH:0
end_of_record
TN:
SF:/Users/haniabuzeid/Visual_studio_code/Javascript-3/Udemy-yarn/expensify-app/src/firebase/firebase.js
FNF:0
FNH:0
DA:4,7
DA:12,7
DA:14,7
DA:16,7
DA:17,7
LF:5
LH:5
BRF:0
BRH:0
end_of_record
TN:
SF:/Users/haniabuzeid/Visual_studio_code/Javascript-3/Udemy-yarn/expensify-app/src/reducers/auth.js
FN:1,(anonymous_0)
FNF:1
FNH:1
FNDA:2,(anonymous_0)
DA:2,2
DA:4,1
DA:8,1
DA:10,0
LF:4
LH:3
BRDA:1,0,0,0
BRDA:2,1,0,1
BRDA:2,1,1,1
BRDA:2,1,2,0
BRF:4
BRH:2
end_of_record
TN:
SF:/Users/haniabuzeid/Visual_studio_code/Javascript-3/Udemy-yarn/expensify-app/src/reducers/expenses.js
FN:5,(anonymous_0)
FN:10,(anonymous_1)
FN:12,(anonymous_2)
FNF:3
FNH:3
FNDA:7,(anonymous_0)
FNDA:6,(anonymous_1)
FNDA:6,(anonymous_2)
DA:3,1
DA:6,7
DA:8,1
DA:10,6
DA:12,2
DA:13,6
DA:14,1
DA:19,5
DA:23,1
DA:25,1
LF:10
LH:10
BRDA:5,0,0,1
BRDA:6,1,0,1
BRDA:6,1,1,2
BRDA:6,1,2,2
BRDA:6,1,3,1
BRDA:6,1,4,1
BRDA:13,2,0,1
BRDA:13,2,1,5
BRF:8
BRH:8
end_of_record
TN:
SF:/Users/haniabuzeid/Visual_studio_code/Javascript-3/Udemy-yarn/expensify-app/src/reducers/filters.js
FN:12,(anonymous_0)
FNF:1
FNH:1
FNDA:6,(anonymous_0)
DA:5,1
DA:13,6
DA:15,1
DA:20,1
DA:25,1
DA:30,1
DA:35,1
DA:40,1
LF:8
LH:8
BRDA:12,0,0,5
BRDA:13,1,0,1
BRDA:13,1,1,1
BRDA:13,1,2,1
BRDA:13,1,3,1
BRDA:13,1,4,1
BRDA:13,1,5,1
BRF:7
BRH:7
end_of_record
TN:
SF:/Users/haniabuzeid/Visual_studio_code/Javascript-3/Udemy-yarn/expensify-app/src/selectors/expenses-total.js
FN:3,(anonymous_0)
FN:5,(anonymous_1)
FN:6,(anonymous_2)
FNF:3
FNH:3
FNDA:3,(anonymous_0)
FNDA:4,(anonymous_1)
FNDA:4,(anonymous_2)
DA:4,3
DA:5,4
DA:6,4
LF:3
LH:3
BRF:0
BRH:0
end_of_record
TN:
SF:/Users/haniabuzeid/Visual_studio_code/Javascript-3/Udemy-yarn/expensify-app/src/selectors/expenses.js
FN:4,(anonymous_0)
FN:6,(anonymous_1)
FN:20,(anonymous_2)
FNF:3
FNH:3
FNDA:5,(anonymous_0)
FNDA:15,(anonymous_1)
FNDA:9,(anonymous_2)
DA:5,5
DA:7,15
DA:8,15
DA:11,15
DA:14,15
DA:18,15
DA:21,9
DA:22,6
DA:24,3
DA:25,3
LF:10
LH:10
BRDA:8,0,0,3
BRDA:8,0,1,12
BRDA:11,1,0,3
BRDA:11,1,1,12
BRDA:18,2,0,15
BRDA:18,2,1,14
BRDA:18,2,2,13
BRDA:21,3,0,6
BRDA:21,3,1,3
BRDA:22,4,0,4
BRDA:22,4,1,2
BRDA:24,5,0,3
BRDA:24,5,1,0
BRDA:25,6,0,2
BRDA:25,6,1,1
BRF:15
BRH:14
end_of_record
TN:
SF:/Users/haniabuzeid/Visual_studio_code/Javascript-3/Udemy-yarn/expensify-app/src/tests/setupTests.js
FNF:0
FNH:0
DA:6,20
DA:8,20
LF:2
LH:2
BRF:0
BRH:0
end_of_record
TN:
SF:/Users/haniabuzeid/Visual_studio_code/Javascript-3/Udemy-yarn/expensify-app/src/tests/fixtures/expenses.js
FNF:0
FNH:0
LF:0
LH:0
BRF:0
BRH:0
end_of_record
TN:
SF:/Users/haniabuzeid/Visual_studio_code/Javascript-3/Udemy-yarn/expensify-app/src/tests/fixtures/filters.js
FNF:0
FNH:0
DA:3,1
DA:9,1
LF:2
LH:2
BRF:0
BRH:0
end_of_record
